{"type":"server-started","port":57023,"host":"127.0.0.1","url_host":"localhost","url":"http://localhost:57023","screen_dir":"/home/ay/techapp/pwa/.superpowers/brainstorm/118894-1774372006"}
{"type":"screen-added","file":"/home/ay/techapp/pwa/.superpowers/brainstorm/118894-1774372006/nav-depth.html"}
{"type":"screen-added","file":"/home/ay/techapp/pwa/.superpowers/brainstorm/118894-1774372006/waiting-1.html"}
{"type":"screen-added","file":"/home/ay/techapp/pwa/.superpowers/brainstorm/118894-1774372006/command-anatomy.html"}
{"type":"screen-added","file":"/home/ay/techapp/pwa/.superpowers/brainstorm/118894-1774372006/command-anatomy-v2.html"}
{"type":"screen-added","file":"/home/ay/techapp/pwa/.superpowers/brainstorm/118894-1774372006/knowledge-map.html"}
{"source":"user-event","type":"click","text":"A\n    \n      Skill Path — linear with branches\n      A vertical scrollable path. Nodes unlock top-to-bottom. Branches split into categories, reconnect later. Like Duolingo's original tree.\n      \n        \n        🖥️\n        \n        \n        \n          \n            \n            🐚\n            \n            📁\n            \n            🔒\n          \n          \n            \n            🌐\n            \n            🔗\n            \n            🔒\n          \n        \n        continues down…\n      \n      ✓ Clear progression  ✓ Familiar (Duolingo)  ✗ Doesn't show cross-connections well","choice":"a","id":null,"timestamp":1774373579180}
{"source":"user-event","type":"click","text":"A\n    \n      Skill Path — linear with branches\n      A vertical scrollable path. Nodes unlock top-to-bottom. Branches split into categories, reconnect later. Like Duolingo's original tree.\n      \n        \n        🖥️\n        \n        \n        \n          \n            \n            🐚\n            \n            📁\n            \n            🔒\n          \n          \n            \n            🌐\n            \n            🔗\n            \n            🔒\n          \n        \n        continues down…\n      \n      ✓ Clear progression  ✓ Familiar (Duolingo)  ✗ Doesn't show cross-connections well","choice":"a","id":null,"timestamp":1774373580195}
{"source":"user-event","type":"click","text":"A\n    \n      Skill Path — linear with branches\n      A vertical scrollable path. Nodes unlock top-to-bottom. Branches split into categories, reconnect later. Like Duolingo's original tree.\n      \n        \n        🖥️\n        \n        \n        \n          \n            \n            🐚\n            \n            📁\n            \n            🔒\n          \n          \n            \n            🌐\n            \n            🔗\n            \n            🔒\n          \n        \n        continues down…\n      \n      ✓ Clear progression  ✓ Familiar (Duolingo)  ✗ Doesn't show cross-connections well","choice":"a","id":null,"timestamp":1774373581305}
{"source":"user-event","type":"click","text":"C\n    \n      Clustered Graph — nodes that build connections\n      Concepts are nodes. As you complete them, visible connection lines appear between related concepts across categories. The map grows denser as you learn more.\n      \n        \n          \n          \n          \n          \n          \n          \n          \n          \n\n          \n          \n          🖥️\n          Terminal\n\n          \n          📜\n          Git\n\n          \n          🌐\n          Internet\n\n          \n          \n          📁\n          Files\n\n          \n          \n          🔒\n          AI\n\n          \n          🔒\n          Cloud\n        \n        Solid lines = connections you've unlocked. Dashed = coming soon.\n      \n      ✓ Shows relationships visually  ✓ Grows with you  ✗ Can feel overwhelming without enough context","choice":"c","id":null,"timestamp":1774373583669}
{"source":"user-event","type":"click","text":"B\n    \n      Zone Map — rooms in a world\n      A 2D map with distinct zones (categories). Each zone is a \"room\" with concept nodes inside. Zones connect to adjacent zones with visible paths.\n      \n        \n        \n          🖥️ Terminal\n          \n            \n            \n            \n            \n          \n        \n        \n        →\n        \n        \n          🌐 Internet\n          \n            \n            \n            \n            \n          \n        \n        \n        ↓\n        \n        \n          🔒 Git\n          \n            \n            \n            \n          \n        \n        \n        \n          🔒 AI\n        \n      \n      ✓ Spatial, game-like  ✓ Shows zone connections  ✗ Harder to build on mobile (pan/zoom)","choice":"b","id":null,"timestamp":1774373584756}
{"type":"screen-added","file":"/home/ay/techapp/pwa/.superpowers/brainstorm/118894-1774372006/map-hybrid.html"}
{"type":"screen-added","file":"/home/ay/techapp/pwa/.superpowers/brainstorm/118894-1774372006/map-v2.html"}
{"type":"screen-added","file":"/home/ay/techapp/pwa/.superpowers/brainstorm/118894-1774372006/map-v3.html"}
{"type":"screen-added","file":"/home/ay/techapp/pwa/.superpowers/brainstorm/118894-1774372006/map-phone.html"}
{"type":"screen-added","file":"/home/ay/techapp/pwa/.superpowers/brainstorm/118894-1774372006/quiz-flow.html"}
{"type":"screen-added","file":"/home/ay/techapp/pwa/.superpowers/brainstorm/118894-1774372006/home-screen.html"}
{"type":"screen-added","file":"/home/ay/techapp/pwa/.superpowers/brainstorm/118894-1774372006/home-screen-v2.html"}
{"type":"screen-added","file":"/home/ay/techapp/pwa/.superpowers/brainstorm/118894-1774372006/curriculum-tab.html"}
{"type":"screen-added","file":"/home/ay/techapp/pwa/.superpowers/brainstorm/118894-1774372006/wireframes.html"}
{"type":"screen-added","file":"/home/ay/techapp/pwa/.superpowers/brainstorm/118894-1774372006/node-graph-demo.html"}
{"type":"screen-added","file":"/home/ay/techapp/pwa/.superpowers/brainstorm/118894-1774372006/globe-map-demo.html"}
{"type":"screen-added","file":"/home/ay/techapp/pwa/.superpowers/brainstorm/118894-1774372006/globe-v2.html"}
{"type":"screen-added","file":"/home/ay/techapp/pwa/.superpowers/brainstorm/118894-1774372006/quiz-tab.html"}
{"type":"server-stopped","reason":"idle timeout"}
